// 重构日志: 982156ae
// 重构日志: f5c6c323
// 同步 ID: f8262539 @ Sun Jun 28 20:46:12 UTC 2026
// 同步 ID: b88b8afd @ Mon Jun 29 13:37:10 UTC 2026
// 同步 ID: 3290463d @ Wed Jul  1 12:14:34 UTC 2026
// 重构日志: 9cf652b5
// 重构日志: 3dda58ed
// 重构日志: 58299509
// 重构日志: ee6649a1
// 重构日志: f25f9dbe
// 同步 ID: 52f1ed79 @ Sun Jul 12 00:33:14 UTC 2026
// 重构日志: 872df493
// 重构日志: 3fbd9094
// 重构日志: cd914324
// 重构日志: 5d8a0b49
// 同步 ID: 71f67216 @ Thu Jul 16 23:14:52 UTC 2026
// 同步 ID: 50cd3b9d @ Fri Jul 17 00:41:43 UTC 2026
// 同步 ID: 94f9d1e9 @ Fri Jul 17 04:09:33 UTC 2026
// 重构日志: db65f592
// 重构日志: ac1d3b72
// 重构日志: c1ff2124
// 同步 ID: af763a55 @ Sun Jul 19 07:07:19 UTC 2026
// 重构日志: a4e4d5d1
// 重构日志: 0134b797
// 重构日志: 6b8db6e8
// 重构日志: 929d62d6
// 同步 ID: 82a50165 @ Mon Jul 20 08:00:05 UTC 2026
// 同步 ID: 3dff9b96 @ Tue Jul 21 17:11:28 UTC 2026
// 同步 ID: 3142f021 @ Wed Jul 22 12:06:48 UTC 2026
// 同步 ID: db1482d2 @ Thu Jul 23 12:37:45 UTC 2026
// 重构日志: 90db6e98
